---------------|----------|----------|----------|----------|----------------|
File           |  % Stmts | % Branch |  % Funcs |  % Lines |Uncovered Lines |
---------------|----------|----------|----------|----------|----------------|
 [32;1mscripts\     [0m |[32;1m      100[0m |[32;1m    96.83[0m |[32;1m      100[0m |[32;1m      100[0m |[31;1m               [0m |
  [32;1mparseTime.js[0m |[32;1m      100[0m |[32;1m      100[0m |[32;1m      100[0m |[32;1m      100[0m |[31;1m               [0m |
  [32;1mshowTime.js [0m |[32;1m      100[0m |[32;1m    96.61[0m |[32;1m      100[0m |[32;1m      100[0m |[31;1m               [0m |
---------------|----------|----------|----------|----------|----------------|
[32;1mAll files     [0m |[32;1m      100[0m |[32;1m    96.83[0m |[32;1m      100[0m |[32;1m      100[0m |[31;1m               [0m |
---------------|----------|----------|----------|----------|----------------|
